2018-07-20 15:46:05 [Test worker] DEBUG:: wow1
2018-07-20 15:46:05 [Test worker] INFO :: wow2
2018-07-20 16:34:09 [Test worker] DEBUG:: server_version: 90fefdd1
head block num: 116636
last irreversible block: 116635
head block time: 2018-07-20T07:34:09.500
head block producer: eosio
2018-07-20 16:34:56 [Test worker] DEBUG:: 
server_version: 90fefdd1
head block num: 116730
last irreversible block: 116729
head block time: 2018-07-20T07:34:56.500
head block producer: eosio
2018-07-20 16:35:41 [Test worker] DEBUG:: 
server version: 90fefdd1
head block num: 116819
last irreversible block: 116818
head block time: 2018-07-20T07:35:41.000
head block producer: eosio
2018-07-20 16:38:11 [Test worker] DEBUG:: 
server version: 90fefdd1
head block num: 117119
last irreversible block: 117118
head block time: 2018-07-20T07:38:11.000
head block producer: eosio
2018-07-20 16:46:41 [Test worker] DEBUG:: 
server version: 90fefdd1
head block num: 118139
last irreversible block: 118138
head block time: 2018-07-20T07:46:41.000
head block producer: eosio
2018-07-20 16:47:02 [Test worker] DEBUG:: 
server version: 90fefdd1
head block num: 118182
last irreversible block: 118181
head block time: 2018-07-20T07:47:02.500
head block producer: eosio
2018-07-20 16:47:02 [Test worker] DEBUG:: 
server version: 90fefdd1
head block num: 118182
last irreversible block: 118181
head block time: 2018-07-20T07:47:02.500
head block producer: eosio
2018-07-20 16:47:29 [Test worker] DEBUG:: 
server version: 90fefdd1
head block num: 118235
last irreversible block: 118234
head block time: 2018-07-20T07:47:29.000
head block producer: eosio
2018-07-20 16:47:29 [Test worker] DEBUG:: 00000000007015d6000000005c95b1ca1027000000000000045359530000000000
2018-07-20 16:48:11 [Test worker] DEBUG:: 
server version: 90fefdd1
head block num: 118320
last irreversible block: 118319
head block time: 2018-07-20T07:48:11.500
head block producer: eosio
2018-07-20 16:48:11 [Test worker] DEBUG:: 00000000007015d6000000005c95b1ca102700000000000004454f530000000000
2018-07-20 16:50:25 [Test worker] DEBUG:: 
server version: 90fefdd1
head block num: 118587
last irreversible block: 118586
head block time: 2018-07-20T07:50:25.000
head block producer: eosio
2018-07-20 16:50:25 [Test worker] DEBUG:: 00000000007015d6000000005c95b1ca102700000000000004454f530000000000
2018-07-20 16:50:25 [Test worker] DEBUG:: {
  "context_free_data": [],
  "context_free_actions": [],
  "actions": [
    {
      "account": "eosio.token",
      "name": "transfer",
      "authorization": [
        {
          "actor": "user",
          "permission": "active"
        }
      ],
      "data": "00000000007015d6000000005c95b1ca102700000000000004454f530000000000"
    }
  ],
  "transaction_extensions": [],
  "expiration": "2018-07-20T07:50:55",
  "ref_block_num": 118587,
  "ref_block_prefix": 2681007475,
  "max_net_usage_words": 0,
  "max_cpu_usage_ms": 0,
  "delay_sec": 0
}
2018-07-20 17:05:18 [Test worker] DEBUG:: 
server version: 90fefdd1
head block num: 120374
last irreversible block: 120373
head block time: 2018-07-20T08:05:18.500
head block producer: eosio
2018-07-20 17:05:18 [Test worker] DEBUG:: 00000000007015d6000000005c95b1ca102700000000000004454f530000000000
2018-07-20 17:05:18 [Test worker] DEBUG:: 
Transaction to sign:
{
  "context_free_data": [],
  "context_free_actions": [],
  "actions": [
    {
      "account": "eosio.token",
      "name": "transfer",
      "authorization": [
        {
          "actor": "user",
          "permission": "active"
        }
      ],
      "data": "00000000007015d6000000005c95b1ca102700000000000004454f530000000000"
    }
  ],
  "transaction_extensions": [],
  "expiration": "2018-07-20T08:05:48",
  "ref_block_num": 120374,
  "ref_block_prefix": 584693277,
  "max_net_usage_words": 0,
  "max_cpu_usage_ms": 0,
  "delay_sec": 0
}
2018-07-20 17:32:33 [Test worker] DEBUG:: 
server version: 90fefdd1
head block num: 123644
last irreversible block: 123643
head block time: 2018-07-20T08:32:33.500
head block producer: eosio
2018-07-20 17:32:33 [Test worker] DEBUG:: 00000000007015d6000000005c95b1ca102700000000000004454f530000000000
2018-07-20 17:32:33 [Test worker] DEBUG:: 
Transaction to sign:
{
  "context_free_data": [],
  "context_free_actions": [],
  "actions": [
    {
      "account": "eosio.token",
      "name": "transfer",
      "authorization": [
        {
          "actor": "user",
          "permission": "active"
        }
      ],
      "data": "00000000007015d6000000005c95b1ca102700000000000004454f530000000000"
    }
  ],
  "transaction_extensions": [],
  "expiration": "2018-07-20T08:33:03",
  "ref_block_num": 123644,
  "ref_block_prefix": 1282631465,
  "max_net_usage_words": 0,
  "max_cpu_usage_ms": 0,
  "delay_sec": 0
}
2018-07-20 17:32:58 [Test worker] DEBUG:: 
server version: 90fefdd1
head block num: 123694
last irreversible block: 123693
head block time: 2018-07-20T08:32:58.500
head block producer: eosio
2018-07-20 17:32:58 [Test worker] DEBUG:: 00000000007015d6000000005c95b1ca102700000000000004454f530000000000
2018-07-20 17:32:58 [Test worker] DEBUG:: 
Transaction to sign:
{
  "context_free_data": [],
  "context_free_actions": [],
  "actions": [
    {
      "account": "eosio.token",
      "name": "transfer",
      "authorization": [
        {
          "actor": "user",
          "permission": "active"
        }
      ],
      "data": "00000000007015d6000000005c95b1ca102700000000000004454f530000000000"
    }
  ],
  "transaction_extensions": [],
  "expiration": "2018-07-20T08:33:28",
  "ref_block_num": 123694,
  "ref_block_prefix": 4057114564,
  "max_net_usage_words": 0,
  "max_cpu_usage_ms": 0,
  "delay_sec": 0
}
2018-07-20 17:36:03 [Test worker] DEBUG:: 
server version: 90fefdd1
head block num: 124063
last irreversible block: 124062
head block time: 2018-07-20T08:36:03.000
head block producer: eosio
2018-07-20 17:36:03 [Test worker] DEBUG:: 00000000007015d6000000005c95b1ca102700000000000004454f530000000000
2018-07-20 17:36:03 [Test worker] DEBUG:: 
Transaction to sign:
{
  "context_free_data": [],
  "context_free_actions": [],
  "actions": [
    {
      "account": "eosio.token",
      "name": "transfer",
      "authorization": [
        {
          "actor": "user",
          "permission": "active"
        }
      ],
      "data": "00000000007015d6000000005c95b1ca102700000000000004454f530000000000"
    }
  ],
  "transaction_extensions": [],
  "expiration": "2018-07-20T08:36:33",
  "ref_block_num": 124063,
  "ref_block_prefix": 1038197749,
  "max_net_usage_words": 0,
  "max_cpu_usage_ms": 0,
  "delay_sec": 0
}
2018-07-20 17:41:34 [Test worker] DEBUG:: 
server version: 90fefdd1
head block num: 124725
last irreversible block: 124724
head block time: 2018-07-20T08:41:34.000
head block producer: eosio
2018-07-20 17:41:34 [Test worker] DEBUG:: 00000000007015d6000000005c95b1ca102700000000000004454f530000000000
2018-07-20 17:41:34 [Test worker] DEBUG:: 
Transaction to sign:
"[{\"signatures\":null,\"context_free_data\":[],\"context_free_actions\":[],\"actions\":[{\"account\":\"eosio.token\",\"name\":\"transfer\",\"authorization\":[{\"actor\":\"user\",\"permission\":\"active\"}],\"data\":\"00000000007015d6000000005c95b1ca102700000000000004454f530000000000\"}],\"transaction_extensions\":[],\"expiration\":\"2018-07-20T08:42:04\",\"ref_block_num\":124725,\"ref_block_prefix\":4261171968,\"max_net_usage_words\":0,\"max_cpu_usage_ms\":0,\"delay_sec\":0},[\"EOS8ePyQrK7XZKUKSbhKuGVCLc4XfFp4N3sf3uCZSsEDTzZXLfNVj\"],\"\"]"
2018-07-20 17:43:45 [Test worker] DEBUG:: 
server version: 90fefdd1
head block num: 124988
last irreversible block: 124987
head block time: 2018-07-20T08:43:45.500
head block producer: eosio
2018-07-20 17:43:45 [Test worker] DEBUG:: 00000000007015d6000000005c95b1ca102700000000000004454f530000000000
2018-07-20 17:43:45 [Test worker] DEBUG:: 
Transaction to sign:
"[{\"context_free_data\":[],\"context_free_actions\":[],\"actions\":[{\"account\":\"eosio.token\",\"name\":\"transfer\",\"authorization\":[{\"actor\":\"user\",\"permission\":\"active\"}],\"data\":\"00000000007015d6000000005c95b1ca102700000000000004454f530000000000\"}],\"transaction_extensions\":[],\"expiration\":\"2018-07-20T08:44:15\",\"ref_block_num\":124988,\"ref_block_prefix\":124049739,\"max_net_usage_words\":0,\"max_cpu_usage_ms\":0,\"delay_sec\":0},[\"EOS8ePyQrK7XZKUKSbhKuGVCLc4XfFp4N3sf3uCZSsEDTzZXLfNVj\"],\"\"]"
2018-07-20 17:44:13 [Test worker] DEBUG:: 
server version: 90fefdd1
head block num: 125043
last irreversible block: 125042
head block time: 2018-07-20T08:44:13.000
head block producer: eosio
2018-07-20 17:44:13 [Test worker] DEBUG:: 00000000007015d6000000005c95b1ca102700000000000004454f530000000000
2018-07-20 17:44:13 [Test worker] DEBUG:: 
Signed Transaction:
{
  "signatures": [
    "SIG_K1_K7nUkZig9a42Pcqg17vXr5kUK11W8uGwdCJeUHGSasKWCuWg8MdzUK9GMTxhL6H9PUFychhVfEiwBbzF125mKXkKv38Vg3"
  ],
  "context_free_data": [],
  "context_free_actions": [],
  "actions": [
    {
      "account": "eosio.token",
      "name": "transfer",
      "authorization": [
        {
          "actor": "user",
          "permission": "active"
        }
      ],
      "data": "00000000007015d6000000005c95b1ca102700000000000004454f530000000000"
    }
  ],
  "transaction_extensions": [],
  "expiration": "2018-07-20T08:44:43",
  "ref_block_num": 59507,
  "ref_block_prefix": 2951414717,
  "max_net_usage_words": 0,
  "max_cpu_usage_ms": 0,
  "delay_sec": 0
}
2018-07-20 17:58:32 [Test worker] DEBUG:: 
server version: 90fefdd1
head block num: 126762
last irreversible block: 126761
head block time: 2018-07-20T08:58:32.500
head block producer: eosio
2018-07-20 17:58:32 [Test worker] DEBUG:: 00000000007015d6000000005c95b1ca102700000000000004454f530000000000
2018-07-20 17:58:32 [Test worker] DEBUG:: 
Signed Transaction:
{
  "signatures": [
    "SIG_K1_K6WR2WdxKZCa3sLsWMGvRjxutdZvagdTCYS7w4t3hsA5owvb4StbVCXsZBQrKRZMN4yWEE2YyDGSVF3mxGZtRvPjJX99YN"
  ],
  "context_free_data": [],
  "context_free_actions": [],
  "actions": [
    {
      "account": "eosio.token",
      "name": "transfer",
      "authorization": [
        {
          "actor": "user",
          "permission": "active"
        }
      ],
      "data": "00000000007015d6000000005c95b1ca102700000000000004454f530000000000"
    }
  ],
  "transaction_extensions": [],
  "expiration": "2018-07-20T08:59:02",
  "ref_block_num": 61226,
  "ref_block_prefix": 1833909816,
  "max_net_usage_words": 0,
  "max_cpu_usage_ms": 0,
  "delay_sec": 0
}
2018-07-20 18:24:19 [Test worker] DEBUG:: 
server version: 90fefdd1
head block num: 129855
last irreversible block: 129854
head block time: 2018-07-20T09:24:19.000
head block producer: eosio
2018-07-20 18:24:19 [Test worker] DEBUG:: 00000000007015d6000000005c95b1ca102700000000000004454f530000000000
2018-07-20 18:24:19 [Test worker] DEBUG:: 
Signed Transaction:
{
  "signatures": [
    "SIG_K1_KdNksXfmiSjck3iiZ2UxUXpBSM3ePxPCw2KRL5DvfGk8YYzwfeH59GNcLZUNpYbKxT3Cn3qiVVdH3tNp9GbQkooWq8pQ8p"
  ],
  "context_free_data": [],
  "context_free_actions": [],
  "actions": [
    {
      "account": "eosio.token",
      "name": "transfer",
      "authorization": [
        {
          "actor": "user",
          "permission": "active"
        }
      ],
      "data": "00000000007015d6000000005c95b1ca102700000000000004454f530000000000"
    }
  ],
  "transaction_extensions": [],
  "expiration": "2018-07-20T09:24:49",
  "ref_block_num": 64319,
  "ref_block_prefix": 3203809525,
  "max_net_usage_words": 0,
  "max_cpu_usage_ms": 0,
  "delay_sec": 0
}
2018-07-20 18:24:19 [Test worker] DEBUG:: 
Packed Transaction:
{
  "signatures": [
    "SIG_K1_KdNksXfmiSjck3iiZ2UxUXpBSM3ePxPCw2KRL5DvfGk8YYzwfeH59GNcLZUNpYbKxT3Cn3qiVVdH3tNp9GbQkooWq8pQ8p"
  ],
  "compression": "none",
  "packed_context_free_data": "",
  "packed_trx": "61aa515b3ffbf540f6be000000000100a6823403ea3055000000572d3ccdcd0100000000007015d600000000a8ed32322100000000007015d6000000005c95b1ca102700000000000004454f53000000000000"
}
2018-07-20 18:26:14 [Test worker] DEBUG:: 
server version: 90fefdd1
head block num: 130085
last irreversible block: 130084
head block time: 2018-07-20T09:26:14.000
head block producer: eosio
2018-07-20 18:26:14 [Test worker] DEBUG:: 00000000007015d6000000005c95b1ca102700000000000004454f530000000000
2018-07-20 18:26:14 [Test worker] DEBUG:: 
Signed Transaction:
{
  "signatures": [
    "SIG_K1_JxBPUro2LiSBhzMerzTcQetaRNSHbKPFTCzjVoXyHgvdsCd1BPw89o2FdhVpGywZCH1disQ9vwFKjGc8QktehkynYcuHZ5"
  ],
  "context_free_data": [],
  "context_free_actions": [],
  "actions": [
    {
      "account": "eosio.token",
      "name": "transfer",
      "authorization": [
        {
          "actor": "user",
          "permission": "active"
        }
      ],
      "data": "00000000007015d6000000005c95b1ca102700000000000004454f530000000000"
    }
  ],
  "transaction_extensions": [],
  "expiration": "2018-07-20T09:31:14",
  "ref_block_num": 64549,
  "ref_block_prefix": 1819791190,
  "max_net_usage_words": 0,
  "max_cpu_usage_ms": 0,
  "delay_sec": 0
}
2018-07-20 18:26:14 [Test worker] DEBUG:: 
Packed Transaction:
{
  "signatures": [
    "SIG_K1_JxBPUro2LiSBhzMerzTcQetaRNSHbKPFTCzjVoXyHgvdsCd1BPw89o2FdhVpGywZCH1disQ9vwFKjGc8QktehkynYcuHZ5"
  ],
  "compression": "none",
  "packed_context_free_data": "",
  "packed_trx": "e2ab515b25fc56cf776c000000000100a6823403ea3055000000572d3ccdcd0100000000007015d600000000a8ed32322100000000007015d6000000005c95b1ca102700000000000004454f53000000000000"
}
2018-07-20 23:18:33 [Test worker] DEBUG:: 
server version: 90fefdd1
head block num: 132233
last irreversible block: 132232
head block time: 2018-07-20T14:18:33.500
head block producer: eosio
2018-07-20 23:18:33 [Test worker] DEBUG:: 00000000007015d6000000005c95b1ca102700000000000004454f530000000000
2018-07-20 23:18:33 [Test worker] DEBUG:: 
Signed Transaction:
{
  "signatures": [
    "SIG_K1_KgYBNVNDjb3Aqv2zQihEmkcxQfhkbhSBvSzhWhNiMzF62DqdkbYdR1Tk6SbsDoKQ7HLCYPbmEVgDnyKj3nQVMsJSGc9ao9"
  ],
  "context_free_data": [],
  "context_free_actions": [],
  "actions": [
    {
      "account": "eosio.token",
      "name": "transfer",
      "authorization": [
        {
          "actor": "user",
          "permission": "active"
        }
      ],
      "data": "00000000007015d6000000005c95b1ca102700000000000004454f530000000000"
    }
  ],
  "transaction_extensions": [],
  "expiration": "2018-07-20T14:19:03",
  "ref_block_num": 1161,
  "ref_block_prefix": 2814411857,
  "max_net_usage_words": 0,
  "max_cpu_usage_ms": 0,
  "delay_sec": 0
}
2018-07-20 23:18:33 [Test worker] DEBUG:: 
Packed Transaction:
{
  "signatures": [
    "SIG_K1_KgYBNVNDjb3Aqv2zQihEmkcxQfhkbhSBvSzhWhNiMzF62DqdkbYdR1Tk6SbsDoKQ7HLCYPbmEVgDnyKj3nQVMsJSGc9ao9"
  ],
  "compression": "none",
  "packed_context_free_data": "",
  "packed_trx": "57ef515b89045184c0a7000000000100a6823403ea3055000000572d3ccdcd0100000000007015d600000000a8ed32322100000000007015d6000000005c95b1ca102700000000000004454f53000000000000"
}
2018-07-20 23:24:58 [Test worker] DEBUG:: 
server version: 90fefdd1
head block num: 133003
last irreversible block: 133002
head block time: 2018-07-20T14:24:58.500
head block producer: eosio
2018-07-20 23:24:58 [Test worker] DEBUG:: 00000000007015d6000000005c95b1ca102700000000000004454f530000000000
2018-07-20 23:24:58 [Test worker] DEBUG:: 
Signed Transaction:
{
  "signatures": [
    "SIG_K1_KaPcQohYy5fJTeh8cYtEY7urjCCvBRD25FCcptQC5R9JJXqgcjBw3sKsiSdMDr2a5o5SyyY7N6EowHczyrYsVDyxA1V2aB"
  ],
  "context_free_data": [],
  "context_free_actions": [],
  "actions": [
    {
      "account": "eosio.token",
      "name": "transfer",
      "authorization": [
        {
          "actor": "user",
          "permission": "active"
        }
      ],
      "data": "00000000007015d6000000005c95b1ca102700000000000004454f530000000000"
    }
  ],
  "transaction_extensions": [],
  "expiration": "2018-07-20T14:25:28",
  "ref_block_num": 1931,
  "ref_block_prefix": 4264331441,
  "max_net_usage_words": 0,
  "max_cpu_usage_ms": 0,
  "delay_sec": 0
}
2018-07-20 23:24:58 [Test worker] DEBUG:: 
Packed Transaction:
{
  "signatures": [
    "SIG_K1_KaPcQohYy5fJTeh8cYtEY7urjCCvBRD25FCcptQC5R9JJXqgcjBw3sKsiSdMDr2a5o5SyyY7N6EowHczyrYsVDyxA1V2aB"
  ],
  "compression": "none",
  "packed_context_free_data": "",
  "packed_trx": "d8f0515b"
}
2018-07-20 23:26:05 [Test worker] DEBUG:: 
server version: 90fefdd1
head block num: 133137
last irreversible block: 133136
head block time: 2018-07-20T14:26:05.500
head block producer: eosio
2018-07-20 23:26:06 [Test worker] DEBUG:: 00000000007015d6000000005c95b1ca102700000000000004454f530000000000
2018-07-20 23:26:06 [Test worker] DEBUG:: 
Signed Transaction:
{
  "signatures": [
    "SIG_K1_Kjpdr5cH7mnAdUirhJeesuNvBpNyXA5LNsSQjhwmevFMTPSGYbby2s1aXxujzMAjSMikG5w8te7cjoTvmAWvNJTJ51QsAU"
  ],
  "context_free_data": [],
  "context_free_actions": [],
  "actions": [
    {
      "account": "eosio.token",
      "name": "transfer",
      "authorization": [
        {
          "actor": "user",
          "permission": "active"
        }
      ],
      "data": "00000000007015d6000000005c95b1ca102700000000000004454f530000000000"
    }
  ],
  "transaction_extensions": [],
  "expiration": "2018-07-20T14:26:35",
  "ref_block_num": 2065,
  "ref_block_prefix": 2772406804,
  "max_net_usage_words": 0,
  "max_cpu_usage_ms": 0,
  "delay_sec": 0
}
2018-07-20 23:26:06 [Test worker] DEBUG:: 
Packed Transaction:
{
  "signatures": [
    "SIG_K1_Kjpdr5cH7mnAdUirhJeesuNvBpNyXA5LNsSQjhwmevFMTPSGYbby2s1aXxujzMAjSMikG5w8te7cjoTvmAWvNJTJ51QsAU"
  ],
  "compression": "none",
  "packed_context_free_data": "",
  "packed_trx": "1bf1515b110814923fa5000000"
}
2018-07-20 23:28:26 [Test worker] DEBUG:: 
server version: 90fefdd1
head block num: 133418
last irreversible block: 133417
head block time: 2018-07-20T14:28:26.000
head block producer: eosio
2018-07-20 23:28:26 [Test worker] DEBUG:: 00000000007015d6000000005c95b1ca102700000000000004454f530000000000
2018-07-20 23:28:26 [Test worker] DEBUG:: 
Signed Transaction:
{
  "signatures": [
    "SIG_K1_KZT9DymAfs6vwBvC5J8Y4XxzzKVpNoikVGRfCjVz6fjEEFtRRcG7BXoB6HWVSr3LMpetu8HVB7GvB5pimS2p7Zv98eRVJ3"
  ],
  "context_free_data": [],
  "context_free_actions": [],
  "actions": [
    {
      "account": "eosio.token",
      "name": "transfer",
      "authorization": [
        {
          "actor": "user",
          "permission": "active"
        }
      ],
      "data": "00000000007015d6000000005c95b1ca102700000000000004454f530000000000"
    }
  ],
  "transaction_extensions": [],
  "expiration": "2018-07-20T14:28:56",
  "ref_block_num": 2346,
  "ref_block_prefix": 82779723,
  "max_net_usage_words": 0,
  "max_cpu_usage_ms": 0,
  "delay_sec": 0
}
2018-07-20 23:28:26 [Test worker] DEBUG:: 
Packed Transaction:
{
  "signatures": [
    "SIG_K1_KZT9DymAfs6vwBvC5J8Y4XxzzKVpNoikVGRfCjVz6fjEEFtRRcG7BXoB6HWVSr3LMpetu8HVB7GvB5pimS2p7Zv98eRVJ3"
  ],
  "compression": "none",
  "packed_context_free_data": "",
  "packed_trx": "a8f1515b2a094b1eef04000000000100a6823403ea3055000000572d3ccdcd0100000000007015d600000000a8ed32322100000000007015d6000000005c95b1ca102700000000000004454f53000000000000"
}
2018-07-20 23:46:22 [Test worker] DEBUG:: 
server version: 90fefdd1
head block num: 135571
head block id: 000211938013913ed5f853b6292034cea5bf463f444e2e0350ed231a316e4f9f
last irreversible block: 135570
head block time: 2018-07-20T14:46:22.500
head block producer: eosio
2018-07-20 23:46:22 [Test worker] DEBUG:: 00000000007015d6000000005c95b1ca102700000000000004454f530000000000
2018-07-20 23:46:22 [Test worker] DEBUG:: 
Signed Transaction:
{
  "signatures": [
    "SIG_K1_K4spjjt7NNGJSWaaKwMoNUEKuj7hyKJYxuSuZzc5WmXEpqTUkWZrbXWBs7iCnqfnb4gtwf2T74CuXbVNrPfZ9Sw3wjVr5a"
  ],
  "context_free_data": [],
  "context_free_actions": [],
  "actions": [
    {
      "account": "eosio.token",
      "name": "transfer",
      "authorization": [
        {
          "actor": "user",
          "permission": "active"
        }
      ],
      "data": "00000000007015d6000000005c95b1ca102700000000000004454f530000000000"
    }
  ],
  "transaction_extensions": [],
  "expiration": "2018-07-20T14:51:22",
  "ref_block_num": 4499,
  "ref_block_prefix": 3058956501,
  "max_net_usage_words": 0,
  "max_cpu_usage_ms": 0,
  "delay_sec": 0
}
2018-07-20 23:46:22 [Test worker] DEBUG:: 
Packed Transaction:
{
  "signatures": [
    "SIG_K1_K4spjjt7NNGJSWaaKwMoNUEKuj7hyKJYxuSuZzc5WmXEpqTUkWZrbXWBs7iCnqfnb4gtwf2T74CuXbVNrPfZ9Sw3wjVr5a"
  ],
  "compression": "none",
  "packed_context_free_data": "",
  "packed_trx": "eaf6515b9311d5f853b6000000000100a6823403ea3055000000572d3ccdcd0100000000007015d600000000a8ed32322100000000007015d6000000005c95b1ca102700000000000004454f53000000000000"
}
2018-07-20 23:50:36 [Test worker] DEBUG:: 
Signed Transaction:
{
  "signatures": [
    "SIG_K1_K9hpqNR8vXydDGYdTXj6FnjD4nGrpD6kbF7v6HWHT92MbTpJizgNibuaufEp7SjdxsJNBNtXW2YKax1yahiE2UteiC6nt5"
  ],
  "context_free_data": [],
  "context_free_actions": [],
  "actions": [
    {
      "account": "eosio.token",
      "name": "transfer",
      "authorization": [
        {
          "actor": "user",
          "permission": "active"
        }
      ],
      "data": "00000000007015d6000000005c95b1ca102700000000000004454f530000000000"
    }
  ],
  "transaction_extensions": [],
  "expiration": "2018-07-20T15:16:22",
  "ref_block_num": 4499,
  "ref_block_prefix": 3058956501,
  "max_net_usage_words": 0,
  "max_cpu_usage_ms": 0,
  "delay_sec": 0
}
2018-07-20 23:50:36 [Test worker] DEBUG:: 
Packed Transaction:
{
  "signatures": [
    "SIG_K1_K9hpqNR8vXydDGYdTXj6FnjD4nGrpD6kbF7v6HWHT92MbTpJizgNibuaufEp7SjdxsJNBNtXW2YKax1yahiE2UteiC6nt5"
  ],
  "compression": "none",
  "packed_context_free_data": "",
  "packed_trx": "c6fc515b9311d5f853b6000000000100a6823403ea3055000000572d3ccdcd0100000000007015d600000000a8ed32322100000000007015d6000000005c95b1ca102700000000000004454f53000000000000"
}
2018-07-20 23:55:40 [Test worker] DEBUG:: 
Signed Transaction:
{
  "signatures": [
    "SIG_K1_K9hpqNR8vXydDGYdTXj6FnjD4nGrpD6kbF7v6HWHT92MbTpJizgNibuaufEp7SjdxsJNBNtXW2YKax1yahiE2UteiC6nt5"
  ],
  "context_free_data": [],
  "context_free_actions": [],
  "actions": [
    {
      "account": "eosio.token",
      "name": "transfer",
      "authorization": [
        {
          "actor": "user",
          "permission": "active"
        }
      ],
      "data": "00000000007015d6000000005c95b1ca102700000000000004454f530000000000"
    }
  ],
  "transaction_extensions": [],
  "expiration": "2018-07-20T15:16:22",
  "ref_block_num": 4499,
  "ref_block_prefix": 3058956501,
  "max_net_usage_words": 0,
  "max_cpu_usage_ms": 0,
  "delay_sec": 0
}
2018-07-20 23:55:40 [Test worker] DEBUG:: 
Packed Transaction:
{
  "signatures": [
    "SIG_K1_K9hpqNR8vXydDGYdTXj6FnjD4nGrpD6kbF7v6HWHT92MbTpJizgNibuaufEp7SjdxsJNBNtXW2YKax1yahiE2UteiC6nt5"
  ],
  "compression": "none",
  "packed_context_free_data": "",
  "packed_trx": "c6fc515b9311d5f853b6000000000100a6823403ea3055000000572d3ccdcd0100000000007015d600000000a8ed32322100000000007015d6000000005c95b1ca102700000000000004454f53000000000000"
}
2018-07-20 23:59:36 [Test worker] DEBUG:: 
Signed Transaction:
{
  "signatures": [
    "SIG_K1_K9hpqNR8vXydDGYdTXj6FnjD4nGrpD6kbF7v6HWHT92MbTpJizgNibuaufEp7SjdxsJNBNtXW2YKax1yahiE2UteiC6nt5"
  ],
  "context_free_data": [],
  "context_free_actions": [],
  "actions": [
    {
      "account": "eosio.token",
      "name": "transfer",
      "authorization": [
        {
          "actor": "user",
          "permission": "active"
        }
      ],
      "data": "00000000007015d6000000005c95b1ca102700000000000004454f530000000000"
    }
  ],
  "transaction_extensions": [],
  "expiration": "2018-07-20T15:16:22",
  "ref_block_num": 4499,
  "ref_block_prefix": 3058956501,
  "max_net_usage_words": 0,
  "max_cpu_usage_ms": 0,
  "delay_sec": 0
}
2018-07-20 23:59:36 [Test worker] DEBUG:: 
Packed Transaction:
{
  "signatures": [
    "SIG_K1_K9hpqNR8vXydDGYdTXj6FnjD4nGrpD6kbF7v6HWHT92MbTpJizgNibuaufEp7SjdxsJNBNtXW2YKax1yahiE2UteiC6nt5"
  ],
  "compression": "none",
  "packed_context_free_data": "",
  "packed_trx": "c6fc515b9311d5f853b6000000000100a6823403ea3055000000572d3ccdcd0100000000007015d600000000a8ed32322100000000007015d6000000005c95b1ca102700000000000004454f53000000000000"
}
2018-07-21 00:01:49 [Test worker] DEBUG:: 
Signed Transaction:
{
  "signatures": [
    "SIG_K1_K9hpqNR8vXydDGYdTXj6FnjD4nGrpD6kbF7v6HWHT92MbTpJizgNibuaufEp7SjdxsJNBNtXW2YKax1yahiE2UteiC6nt5"
  ],
  "context_free_data": [],
  "context_free_actions": [],
  "actions": [
    {
      "account": "eosio.token",
      "name": "transfer",
      "authorization": [
        {
          "actor": "user",
          "permission": "active"
        }
      ],
      "data": "00000000007015d6000000005c95b1ca102700000000000004454f530000000000"
    }
  ],
  "transaction_extensions": [],
  "expiration": "2018-07-20T15:16:22",
  "ref_block_num": 4499,
  "ref_block_prefix": 3058956501,
  "max_net_usage_words": 0,
  "max_cpu_usage_ms": 0,
  "delay_sec": 0
}
2018-07-21 00:01:49 [Test worker] DEBUG:: 
Packed Transaction:
{
  "signatures": [
    "SIG_K1_K9hpqNR8vXydDGYdTXj6FnjD4nGrpD6kbF7v6HWHT92MbTpJizgNibuaufEp7SjdxsJNBNtXW2YKax1yahiE2UteiC6nt5"
  ],
  "compression": "none",
  "packed_context_free_data": "",
  "packed_trx": "c6fc515b9311d5f853b6000000000100a6823403ea3055000000572d3ccdcd0100000000007015d600000000a8ed323200"
}
2018-07-21 00:02:32 [Test worker] DEBUG:: 
Signed Transaction:
{
  "signatures": [
    "SIG_K1_K9hpqNR8vXydDGYdTXj6FnjD4nGrpD6kbF7v6HWHT92MbTpJizgNibuaufEp7SjdxsJNBNtXW2YKax1yahiE2UteiC6nt5"
  ],
  "context_free_data": [],
  "context_free_actions": [],
  "actions": [
    {
      "account": "eosio.token",
      "name": "transfer",
      "authorization": [
        {
          "actor": "user",
          "permission": "active"
        }
      ],
      "data": "00000000007015d6000000005c95b1ca102700000000000004454f530000000000"
    }
  ],
  "transaction_extensions": [],
  "expiration": "2018-07-20T15:16:22",
  "ref_block_num": 4499,
  "ref_block_prefix": 3058956501,
  "max_net_usage_words": 0,
  "max_cpu_usage_ms": 0,
  "delay_sec": 0
}
2018-07-21 00:02:32 [Test worker] DEBUG:: 
Packed Transaction:
{
  "signatures": [
    "SIG_K1_K9hpqNR8vXydDGYdTXj6FnjD4nGrpD6kbF7v6HWHT92MbTpJizgNibuaufEp7SjdxsJNBNtXW2YKax1yahiE2UteiC6nt5"
  ],
  "compression": "none",
  "packed_context_free_data": "",
  "packed_trx": "c6fc515b9311d5f853b6000000000100a6823403ea3055000000572d3ccdcd0100"
}
2018-07-21 00:08:36 [Test worker] DEBUG:: 
Signed Transaction:
{
  "signatures": [
    "SIG_K1_K9hpqNR8vXydDGYdTXj6FnjD4nGrpD6kbF7v6HWHT92MbTpJizgNibuaufEp7SjdxsJNBNtXW2YKax1yahiE2UteiC6nt5"
  ],
  "context_free_data": [],
  "context_free_actions": [],
  "actions": [
    {
      "account": "eosio.token",
      "name": "transfer",
      "authorization": [
        {
          "actor": "user",
          "permission": "active"
        }
      ],
      "data": "00000000007015d6000000005c95b1ca102700000000000004454f530000000000"
    }
  ],
  "transaction_extensions": [],
  "expiration": "2018-07-20T15:16:22",
  "ref_block_num": 4499,
  "ref_block_prefix": 3058956501,
  "max_net_usage_words": 0,
  "max_cpu_usage_ms": 0,
  "delay_sec": 0
}
2018-07-21 00:08:36 [Test worker] DEBUG:: 
Packed Transaction:
{
  "signatures": [
    "SIG_K1_K9hpqNR8vXydDGYdTXj6FnjD4nGrpD6kbF7v6HWHT92MbTpJizgNibuaufEp7SjdxsJNBNtXW2YKax1yahiE2UteiC6nt5"
  ],
  "compression": "none",
  "packed_context_free_data": "",
  "packed_trx": "c6fc515b9311d5f853b6000000000100a6823403ea305500"
}
2018-07-21 00:09:08 [Test worker] DEBUG:: 
Signed Transaction:
{
  "signatures": [
    "SIG_K1_K9hpqNR8vXydDGYdTXj6FnjD4nGrpD6kbF7v6HWHT92MbTpJizgNibuaufEp7SjdxsJNBNtXW2YKax1yahiE2UteiC6nt5"
  ],
  "context_free_data": [],
  "context_free_actions": [],
  "actions": [
    {
      "account": "eosio.token",
      "name": "transfer",
      "authorization": [
        {
          "actor": "user",
          "permission": "active"
        }
      ],
      "data": "00000000007015d6000000005c95b1ca102700000000000004454f530000000000"
    }
  ],
  "transaction_extensions": [],
  "expiration": "2018-07-20T15:16:22",
  "ref_block_num": 4499,
  "ref_block_prefix": 3058956501,
  "max_net_usage_words": 0,
  "max_cpu_usage_ms": 0,
  "delay_sec": 0
}
2018-07-21 00:09:08 [Test worker] DEBUG:: 
Packed Transaction:
{
  "signatures": [
    "SIG_K1_K9hpqNR8vXydDGYdTXj6FnjD4nGrpD6kbF7v6HWHT92MbTpJizgNibuaufEp7SjdxsJNBNtXW2YKax1yahiE2UteiC6nt5"
  ],
  "compression": "none",
  "packed_context_free_data": "",
  "packed_trx": "c6fc515b9311d5f853b6000000000100"
}
2018-07-21 00:10:05 [Test worker] DEBUG:: 
Signed Transaction:
{
  "signatures": [
    "SIG_K1_K9hpqNR8vXydDGYdTXj6FnjD4nGrpD6kbF7v6HWHT92MbTpJizgNibuaufEp7SjdxsJNBNtXW2YKax1yahiE2UteiC6nt5"
  ],
  "context_free_data": [],
  "context_free_actions": [],
  "actions": [
    {
      "account": "eosio.token",
      "name": "transfer",
      "authorization": [
        {
          "actor": "user",
          "permission": "active"
        }
      ],
      "data": "00000000007015d6000000005c95b1ca102700000000000004454f530000000000"
    }
  ],
  "transaction_extensions": [],
  "expiration": "2018-07-20T15:16:22",
  "ref_block_num": 4499,
  "ref_block_prefix": 3058956501,
  "max_net_usage_words": 0,
  "max_cpu_usage_ms": 0,
  "delay_sec": 0
}
2018-07-21 00:10:05 [Test worker] DEBUG:: 
Packed Transaction:
{
  "signatures": [
    "SIG_K1_K9hpqNR8vXydDGYdTXj6FnjD4nGrpD6kbF7v6HWHT92MbTpJizgNibuaufEp7SjdxsJNBNtXW2YKax1yahiE2UteiC6nt5"
  ],
  "compression": "none",
  "packed_context_free_data": "",
  "packed_trx": "c6fc515b9311d5f853b600000000"
}
2018-07-21 00:24:11 [Test worker] DEBUG:: 
Signed Transaction:
{
  "signatures": [
    "SIG_K1_K9hpqNR8vXydDGYdTXj6FnjD4nGrpD6kbF7v6HWHT92MbTpJizgNibuaufEp7SjdxsJNBNtXW2YKax1yahiE2UteiC6nt5"
  ],
  "context_free_data": [],
  "context_free_actions": [],
  "actions": [
    {
      "account": "eosio.token",
      "name": "transfer",
      "authorization": [
        {
          "actor": "user",
          "permission": "active"
        }
      ],
      "data": "00000000007015d6000000005c95b1ca102700000000000004454f530000000000"
    }
  ],
  "transaction_extensions": [],
  "expiration": "2018-07-20T15:16:22",
  "ref_block_num": 4499,
  "ref_block_prefix": 3058956501,
  "max_net_usage_words": 0,
  "max_cpu_usage_ms": 0,
  "delay_sec": 0
}
2018-07-21 00:24:11 [Test worker] DEBUG:: 
Packed Transaction:
{
  "signatures": [
    "SIG_K1_K9hpqNR8vXydDGYdTXj6FnjD4nGrpD6kbF7v6HWHT92MbTpJizgNibuaufEp7SjdxsJNBNtXW2YKax1yahiE2UteiC6nt5"
  ],
  "compression": "none",
  "packed_context_free_data": "",
  "packed_trx": "01"
}
2018-07-21 00:25:54 [Test worker] DEBUG:: 
Signed Transaction:
{
  "signatures": [
    "SIG_K1_K9hpqNR8vXydDGYdTXj6FnjD4nGrpD6kbF7v6HWHT92MbTpJizgNibuaufEp7SjdxsJNBNtXW2YKax1yahiE2UteiC6nt5"
  ],
  "context_free_data": [],
  "context_free_actions": [],
  "actions": [
    {
      "account": "eosio.token",
      "name": "transfer",
      "authorization": [
        {
          "actor": "user",
          "permission": "active"
        }
      ],
      "data": "00000000007015d6000000005c95b1ca102700000000000004454f530000000000"
    }
  ],
  "transaction_extensions": [],
  "expiration": "2018-07-20T15:16:22",
  "ref_block_num": 4499,
  "ref_block_prefix": 3058956501,
  "max_net_usage_words": 0,
  "max_cpu_usage_ms": 0,
  "delay_sec": 0
}
2018-07-21 00:25:54 [Test worker] DEBUG:: 
Packed Transaction:
{
  "signatures": [
    "SIG_K1_K9hpqNR8vXydDGYdTXj6FnjD4nGrpD6kbF7v6HWHT92MbTpJizgNibuaufEp7SjdxsJNBNtXW2YKax1yahiE2UteiC6nt5"
  ],
  "compression": "none",
  "packed_context_free_data": "",
  "packed_trx": "c6fc515b9311d5f853b60000000001"
}
2018-07-21 00:26:19 [Test worker] DEBUG:: 
Signed Transaction:
{
  "signatures": [
    "SIG_K1_K9hpqNR8vXydDGYdTXj6FnjD4nGrpD6kbF7v6HWHT92MbTpJizgNibuaufEp7SjdxsJNBNtXW2YKax1yahiE2UteiC6nt5"
  ],
  "context_free_data": [],
  "context_free_actions": [],
  "actions": [
    {
      "account": "eosio.token",
      "name": "transfer",
      "authorization": [
        {
          "actor": "user",
          "permission": "active"
        }
      ],
      "data": "00000000007015d6000000005c95b1ca102700000000000004454f530000000000"
    }
  ],
  "transaction_extensions": [],
  "expiration": "2018-07-20T15:16:22",
  "ref_block_num": 4499,
  "ref_block_prefix": 3058956501,
  "max_net_usage_words": 0,
  "max_cpu_usage_ms": 0,
  "delay_sec": 0
}
2018-07-21 00:26:19 [Test worker] DEBUG:: 
Packed Transaction:
{
  "signatures": [
    "SIG_K1_K9hpqNR8vXydDGYdTXj6FnjD4nGrpD6kbF7v6HWHT92MbTpJizgNibuaufEp7SjdxsJNBNtXW2YKax1yahiE2UteiC6nt5"
  ],
  "compression": "none",
  "packed_context_free_data": "",
  "packed_trx": "c6fc515b9311d5f853b60000000001"
}
2018-07-21 00:27:03 [Test worker] DEBUG:: 
Signed Transaction:
{
  "signatures": [
    "SIG_K1_K9hpqNR8vXydDGYdTXj6FnjD4nGrpD6kbF7v6HWHT92MbTpJizgNibuaufEp7SjdxsJNBNtXW2YKax1yahiE2UteiC6nt5"
  ],
  "context_free_data": [],
  "context_free_actions": [],
  "actions": [
    {
      "account": "eosio.token",
      "name": "transfer",
      "authorization": [
        {
          "actor": "user",
          "permission": "active"
        }
      ],
      "data": "00000000007015d6000000005c95b1ca102700000000000004454f530000000000"
    }
  ],
  "transaction_extensions": [],
  "expiration": "2018-07-20T15:16:22",
  "ref_block_num": 4499,
  "ref_block_prefix": 3058956501,
  "max_net_usage_words": 0,
  "max_cpu_usage_ms": 0,
  "delay_sec": 0
}
2018-07-21 00:27:03 [Test worker] DEBUG:: 
Packed Transaction:
{
  "signatures": [
    "SIG_K1_K9hpqNR8vXydDGYdTXj6FnjD4nGrpD6kbF7v6HWHT92MbTpJizgNibuaufEp7SjdxsJNBNtXW2YKax1yahiE2UteiC6nt5"
  ],
  "compression": "none",
  "packed_context_free_data": "",
  "packed_trx": "c6fc515b9311d5f853b6000000000100a6823403ea3055"
}
2018-07-21 00:28:56 [Test worker] DEBUG:: 
Signed Transaction:
{
  "signatures": [
    "SIG_K1_K9hpqNR8vXydDGYdTXj6FnjD4nGrpD6kbF7v6HWHT92MbTpJizgNibuaufEp7SjdxsJNBNtXW2YKax1yahiE2UteiC6nt5"
  ],
  "context_free_data": [],
  "context_free_actions": [],
  "actions": [
    {
      "account": "eosio.token",
      "name": "transfer",
      "authorization": [
        {
          "actor": "user",
          "permission": "active"
        }
      ],
      "data": "00000000007015d6000000005c95b1ca102700000000000004454f530000000000"
    }
  ],
  "transaction_extensions": [],
  "expiration": "2018-07-20T15:16:22",
  "ref_block_num": 4499,
  "ref_block_prefix": 3058956501,
  "max_net_usage_words": 0,
  "max_cpu_usage_ms": 0,
  "delay_sec": 0
}
2018-07-21 00:28:56 [Test worker] DEBUG:: 
Packed Transaction:
{
  "signatures": [
    "SIG_K1_K9hpqNR8vXydDGYdTXj6FnjD4nGrpD6kbF7v6HWHT92MbTpJizgNibuaufEp7SjdxsJNBNtXW2YKax1yahiE2UteiC6nt5"
  ],
  "compression": "none",
  "packed_context_free_data": "",
  "packed_trx": "c6fc515b9311d5f853b6000000000100a6823403ea3055"
}
2018-07-21 00:30:20 [Test worker] DEBUG:: 
Signed Transaction:
{
  "signatures": [
    "SIG_K1_K9hpqNR8vXydDGYdTXj6FnjD4nGrpD6kbF7v6HWHT92MbTpJizgNibuaufEp7SjdxsJNBNtXW2YKax1yahiE2UteiC6nt5"
  ],
  "context_free_data": [],
  "context_free_actions": [],
  "actions": [
    {
      "account": "eosio.token",
      "name": "transfer",
      "authorization": [
        {
          "actor": "user",
          "permission": "active"
        }
      ],
      "data": "00000000007015d6000000005c95b1ca102700000000000004454f530000000000"
    }
  ],
  "transaction_extensions": [],
  "expiration": "2018-07-20T15:16:22",
  "ref_block_num": 4499,
  "ref_block_prefix": 3058956501,
  "max_net_usage_words": 0,
  "max_cpu_usage_ms": 0,
  "delay_sec": 0
}
2018-07-21 00:30:20 [Test worker] DEBUG:: 
Packed Transaction:
{
  "signatures": [
    "SIG_K1_K9hpqNR8vXydDGYdTXj6FnjD4nGrpD6kbF7v6HWHT92MbTpJizgNibuaufEp7SjdxsJNBNtXW2YKax1yahiE2UteiC6nt5"
  ],
  "compression": "none",
  "packed_context_free_data": "",
  "packed_trx": "00a6823403ea3055"
}
2018-07-21 00:33:13 [Test worker] DEBUG:: 
Signed Transaction:
{
  "signatures": [
    "SIG_K1_K9hpqNR8vXydDGYdTXj6FnjD4nGrpD6kbF7v6HWHT92MbTpJizgNibuaufEp7SjdxsJNBNtXW2YKax1yahiE2UteiC6nt5"
  ],
  "context_free_data": [],
  "context_free_actions": [],
  "actions": [
    {
      "account": "eosio.token",
      "name": "transfer",
      "authorization": [
        {
          "actor": "user",
          "permission": "active"
        }
      ],
      "data": "00000000007015d6000000005c95b1ca102700000000000004454f530000000000"
    }
  ],
  "transaction_extensions": [],
  "expiration": "2018-07-20T15:16:22",
  "ref_block_num": 4499,
  "ref_block_prefix": 3058956501,
  "max_net_usage_words": 0,
  "max_cpu_usage_ms": 0,
  "delay_sec": 0
}
2018-07-21 00:33:13 [Test worker] DEBUG:: 
Packed Transaction:
{
  "signatures": [
    "SIG_K1_K9hpqNR8vXydDGYdTXj6FnjD4nGrpD6kbF7v6HWHT92MbTpJizgNibuaufEp7SjdxsJNBNtXW2YKax1yahiE2UteiC6nt5"
  ],
  "compression": "none",
  "packed_context_free_data": "",
  "packed_trx": "c6fc515b9311d5f853b6000000000100a6823403ea3055000000572d3ccdcd0100000000007015d600000000a8ed32322100000000007015d6000000005c95b1ca102700000000000004454f53000000000000"
}
2018-07-21 00:34:59 [Test worker] DEBUG:: 
server version: 90fefdd1
head block num: 141404
head block id: 0002285cc81bbf1c87f379b2c640bb9af6ab39534faae5e64ac19e67037a9cb2
last irreversible block: 141403
head block time: 2018-07-20T15:34:59.000
head block producer: eosio
2018-07-21 00:34:59 [Test worker] DEBUG:: 00000000007015d6000000005c95b1ca102700000000000004454f530000000000
2018-07-21 00:34:59 [Test worker] DEBUG:: 
Signed Transaction:
{
  "signatures": [
    "SIG_K1_KZT5tAMjZu8KYBgBLBkjCQS5ck4oiBJFXZJdrbebPX7bzcRFRqoXstFNQmfDZm1WQgENePhAMJUoJLVGwkCMHnBzGRzz9o"
  ],
  "context_free_data": [],
  "context_free_actions": [],
  "actions": [
    {
      "account": "eosio.token",
      "name": "transfer",
      "authorization": [
        {
          "actor": "user",
          "permission": "active"
        }
      ],
      "data": "00000000007015d6000000005c95b1ca102700000000000004454f530000000000"
    }
  ],
  "transaction_extensions": [],
  "expiration": "2018-07-20T15:39:59",
  "ref_block_num": 10332,
  "ref_block_prefix": 2994336647,
  "max_net_usage_words": 0,
  "max_cpu_usage_ms": 0,
  "delay_sec": 0
}
2018-07-21 00:34:59 [Test worker] DEBUG:: 
Packed Transaction:
{
  "signatures": [
    "SIG_K1_KZT5tAMjZu8KYBgBLBkjCQS5ck4oiBJFXZJdrbebPX7bzcRFRqoXstFNQmfDZm1WQgENePhAMJUoJLVGwkCMHnBzGRzz9o"
  ],
  "compression": "none",
  "packed_context_free_data": "",
  "packed_trx": "4f02525b5c2887f379b2000000000100a6823403ea3055000000572d3ccdcd0100000000007015d600000000a8ed32322100000000007015d6000000005c95b1ca102700000000000004454f53000000000000"
}
2018-07-21 00:37:46 [Test worker] DEBUG:: 
server version: 90fefdd1
head block num: 141738
head block id: 000229aabbafdb6ce449d738b78b53fa202eea0d24c1d2ba4644937251a7efc8
last irreversible block: 141737
head block time: 2018-07-20T15:37:46.000
head block producer: eosio
2018-07-21 00:37:46 [Test worker] DEBUG:: 00000000007015d6000000005c95b1ca102700000000000004454f530000000000
2018-07-21 00:37:46 [Test worker] DEBUG:: 
Signed Transaction:
{
  "signatures": [
    "SIG_K1_K3SBCrhsThfFFdemYozMRgJEeRbHqu1q2PktEmPMm3sBqeLFiDd55dH9jFHERf8u531AiCirA7QdGST6hSTf137ChBawJT"
  ],
  "context_free_data": [],
  "context_free_actions": [],
  "actions": [
    {
      "account": "eosio.token",
      "name": "transfer",
      "authorization": [
        {
          "actor": "user",
          "permission": "active"
        }
      ],
      "data": "00000000007015d6000000005c95b1ca102700000000000004454f530000000000"
    }
  ],
  "transaction_extensions": [],
  "expiration": "2018-07-20T15:42:46",
  "ref_block_num": 10666,
  "ref_block_prefix": 953633252,
  "max_net_usage_words": 0,
  "max_cpu_usage_ms": 0,
  "delay_sec": 30
}
2018-07-21 00:37:46 [Test worker] DEBUG:: 
Packed Transaction:
{
  "signatures": [
    "SIG_K1_K3SBCrhsThfFFdemYozMRgJEeRbHqu1q2PktEmPMm3sBqeLFiDd55dH9jFHERf8u531AiCirA7QdGST6hSTf137ChBawJT"
  ],
  "compression": "none",
  "packed_context_free_data": "",
  "packed_trx": "f602525baa29e449d73800001e000100a6823403ea3055000000572d3ccdcd0100000000007015d600000000a8ed32322100000000007015d6000000005c95b1ca102700000000000004454f53000000000000"
}
2018-07-21 00:42:49 [Test worker] DEBUG:: 
server version: 90fefdd1
head block num: 142345
head block id: 00022c0942bd3e24daca4299285b925ed9af33e4d0bdec2cdf297bfd29c34c2f
last irreversible block: 142344
head block time: 2018-07-20T15:42:49.500
head block producer: eosio
2018-07-21 00:42:49 [Test worker] DEBUG:: 00000000007015d6000000005c95b1ca102700000000000004454f530000000003776f77
2018-07-21 00:42:49 [Test worker] DEBUG:: 
Signed Transaction:
{
  "signatures": [
    "SIG_K1_KevhJd6eFcNF1Qqbx6rp6Pofp2ZFb99vcbmW7VYjmo4HR6GJNL49mH6xnFSp4ZqebL797yCM38EYzkUDYASEPeMbdntXYz"
  ],
  "context_free_data": [],
  "context_free_actions": [],
  "actions": [
    {
      "account": "eosio.token",
      "name": "transfer",
      "authorization": [
        {
          "actor": "user",
          "permission": "active"
        }
      ],
      "data": "00000000007015d6000000005c95b1ca102700000000000004454f530000000003776f77"
    }
  ],
  "transaction_extensions": [],
  "expiration": "2018-07-20T15:47:49",
  "ref_block_num": 11273,
  "ref_block_prefix": 2571291354,
  "max_net_usage_words": 0,
  "max_cpu_usage_ms": 0,
  "delay_sec": 0
}
2018-07-21 00:42:49 [Test worker] DEBUG:: 
Packed Transaction:
{
  "signatures": [
    "SIG_K1_KevhJd6eFcNF1Qqbx6rp6Pofp2ZFb99vcbmW7VYjmo4HR6GJNL49mH6xnFSp4ZqebL797yCM38EYzkUDYASEPeMbdntXYz"
  ],
  "compression": "none",
  "packed_context_free_data": "",
  "packed_trx": "2504525b092cdaca4299000000000100a6823403ea3055000000572d3ccdcd0100000000007015d600000000a8ed32322400000000007015d6000000005c95b1ca102700000000000004454f530000000003776f7700"
}
2018-07-21 00:44:01 [Test worker] DEBUG:: 
server version: 90fefdd1
head block num: 142488
head block id: 00022c98498009171277cb4a4095f935da9b55ace136b87ed563b2ade06dfa58
last irreversible block: 142487
head block time: 2018-07-20T15:44:01.000
head block producer: eosio
2018-07-21 00:44:01 [Test worker] DEBUG:: 00000000007015d6000000005c95b1ca1027000000000000045359530000000003776f77
2018-07-21 00:44:01 [Test worker] DEBUG:: 
Signed Transaction:
{
  "signatures": [
    "SIG_K1_KZdwhTgUNDrQ7K7aCNN1KoyLLFPRsEVoSsXLf94uYgS2mqb3FxvfQeubzttHWsWou2oSDJnCYV3LsmKXjxMHkJFaxNW3ec"
  ],
  "context_free_data": [],
  "context_free_actions": [],
  "actions": [
    {
      "account": "eosio.token",
      "name": "transfer",
      "authorization": [
        {
          "actor": "user",
          "permission": "active"
        }
      ],
      "data": "00000000007015d6000000005c95b1ca1027000000000000045359530000000003776f77"
    }
  ],
  "transaction_extensions": [],
  "expiration": "2018-07-20T15:49:01",
  "ref_block_num": 11416,
  "ref_block_prefix": 1254848274,
  "max_net_usage_words": 0,
  "max_cpu_usage_ms": 0,
  "delay_sec": 0
}
2018-07-21 00:44:01 [Test worker] DEBUG:: 
Packed Transaction:
{
  "signatures": [
    "SIG_K1_KZdwhTgUNDrQ7K7aCNN1KoyLLFPRsEVoSsXLf94uYgS2mqb3FxvfQeubzttHWsWou2oSDJnCYV3LsmKXjxMHkJFaxNW3ec"
  ],
  "compression": "none",
  "packed_context_free_data": "",
  "packed_trx": "6d04525b982c1277cb4a000000000100a6823403ea3055000000572d3ccdcd0100000000007015d600000000a8ed32322400000000007015d6000000005c95b1ca1027000000000000045359530000000003776f7700"
}
2018-07-21 00:46:43 [Test worker] DEBUG:: 
server version: 90fefdd1
head block num: 142812
head block id: 00022ddc6ef00e449109b88adb0bcdf4747b2d1bffe35ffcfc25faee44d17bf0
last irreversible block: 142811
head block time: 2018-07-20T15:46:43.000
head block producer: eosio
2018-07-21 00:46:43 [Test worker] DEBUG:: 00000000007015d6000000005c95b1ca1027000000000000044142430000000003776f77
2018-07-21 00:46:43 [Test worker] DEBUG:: 
Signed Transaction:
{
  "signatures": [
    "SIG_K1_KdStmk4RcEpLa26kZFEhWfsVaQfnB33BbcSB7EgmU2PWZxAEbjkoGYFZ4tCta73MKSzVMPb2gARcXdtMgdpEi6dFbM8KfF"
  ],
  "context_free_data": [],
  "context_free_actions": [],
  "actions": [
    {
      "account": "eosio.token",
      "name": "transfer",
      "authorization": [
        {
          "actor": "user",
          "permission": "active"
        }
      ],
      "data": "00000000007015d6000000005c95b1ca1027000000000000044142430000000003776f77"
    }
  ],
  "transaction_extensions": [],
  "expiration": "2018-07-20T15:51:43",
  "ref_block_num": 11740,
  "ref_block_prefix": 2327316881,
  "max_net_usage_words": 0,
  "max_cpu_usage_ms": 0,
  "delay_sec": 0
}
2018-07-21 00:46:43 [Test worker] DEBUG:: 
Packed Transaction:
{
  "signatures": [
    "SIG_K1_KdStmk4RcEpLa26kZFEhWfsVaQfnB33BbcSB7EgmU2PWZxAEbjkoGYFZ4tCta73MKSzVMPb2gARcXdtMgdpEi6dFbM8KfF"
  ],
  "compression": "none",
  "packed_context_free_data": "",
  "packed_trx": "0f05525bdc2d9109b88a000000000100a6823403ea3055000000572d3ccdcd0100000000007015d600000000a8ed32322400000000007015d6000000005c95b1ca1027000000000000044142430000000003776f7700"
}
2018-07-21 00:48:07 [Test worker] DEBUG:: 
server version: 90fefdd1
head block num: 142980
head block id: 00022e849ae596fad3cf281c7f542559aa41a55d95ab7964e43fa86582b62788
last irreversible block: 142979
head block time: 2018-07-20T15:48:07.000
head block producer: eosio
2018-07-21 00:48:07 [Test worker] DEBUG:: 00000000007015d6000000005c95b1ca1027000000000000044142440000000003776f77
2018-07-21 00:48:07 [Test worker] DEBUG:: 
Signed Transaction:
{
  "signatures": [
    "SIG_K1_Kba31uKhnqTbcBBgv5G7y3nSKAsc8Wd95PMy6GABYJzHk2dzk5dUkyi1wv76sZ55MRcb16WswzHME4RpMBFPY4Mm4awuET"
  ],
  "context_free_data": [],
  "context_free_actions": [],
  "actions": [
    {
      "account": "eosio.token",
      "name": "transfer",
      "authorization": [
        {
          "actor": "user",
          "permission": "active"
        }
      ],
      "data": "00000000007015d6000000005c95b1ca1027000000000000044142440000000003776f77"
    }
  ],
  "transaction_extensions": [],
  "expiration": "2018-07-20T15:53:07",
  "ref_block_num": 11908,
  "ref_block_prefix": 472436691,
  "max_net_usage_words": 0,
  "max_cpu_usage_ms": 0,
  "delay_sec": 0
}
2018-07-21 00:48:07 [Test worker] DEBUG:: 
Packed Transaction:
{
  "signatures": [
    "SIG_K1_Kba31uKhnqTbcBBgv5G7y3nSKAsc8Wd95PMy6GABYJzHk2dzk5dUkyi1wv76sZ55MRcb16WswzHME4RpMBFPY4Mm4awuET"
  ],
  "compression": "none",
  "packed_context_free_data": "",
  "packed_trx": "6305525b842ed3cf281c000000000100a6823403ea3055000000572d3ccdcd0100000000007015d600000000a8ed32322400000000007015d6000000005c95b1ca1027000000000000044142440000000003776f7700"
}
2018-07-21 00:49:36 [Test worker] DEBUG:: 
server version: 90fefdd1
head block num: 143159
head block id: 00022f37b2763d094a341f9d25da008cd45cc3ae66e7dddc7c38917b0f1db0d8
last irreversible block: 143158
head block time: 2018-07-20T15:49:36.500
head block producer: eosio
2018-07-21 01:02:43 [Test worker] DEBUG:: 
server version: 90fefdd1
head block num: 144733
head block id: 0002355d37eb7843d0cd756858f90ea03c1775b61cbc3b87c9ac14fd776de212
last irreversible block: 144732
head block time: 2018-07-20T16:02:43.500
head block producer: eosio
2018-07-21 01:02:43 [Test worker] DEBUG:: 00000000007015d6000000005c95b1ca1027000000000000045359530000000003776f77
2018-07-21 01:02:43 [Test worker] DEBUG:: 
Signed Transaction:
{
  "signatures": [
    "SIG_K1_K92HFCkuGAo78a7VpGfb7dKVdtCfc9TQeiESh1yNwJ5dcTCvrP8NaUdotmdDK87yGrgWvBpAuDFRyUVewYnRjP8TuSUmbL"
  ],
  "context_free_data": [],
  "context_free_actions": [],
  "actions": [
    {
      "account": "eosio.token",
      "name": "transfer",
      "authorization": [
        {
          "actor": "user",
          "permission": "active"
        }
      ],
      "data": "00000000007015d6000000005c95b1ca1027000000000000045359530000000003776f77"
    }
  ],
  "transaction_extensions": [],
  "expiration": "2018-07-20T16:07:43",
  "ref_block_num": 13661,
  "ref_block_prefix": 1752550864,
  "max_net_usage_words": 0,
  "max_cpu_usage_ms": 0,
  "delay_sec": 0
}
2018-07-21 01:02:43 [Test worker] DEBUG:: 
Packed Transaction:
{
  "signatures": [
    "SIG_K1_K92HFCkuGAo78a7VpGfb7dKVdtCfc9TQeiESh1yNwJ5dcTCvrP8NaUdotmdDK87yGrgWvBpAuDFRyUVewYnRjP8TuSUmbL"
  ],
  "compression": "none",
  "packed_context_free_data": "",
  "packed_trx": "cf08525b5d35d0cd7568000000000100a6823403ea3055000000572d3ccdcd0100000000007015d600000000a8ed32322400000000007015d6000000005c95b1ca1027000000000000045359530000000003776f7700"
}
2018-07-21 01:07:27 [Test worker] DEBUG:: 
Signed Transaction:
{
  "signatures": [
    "SIG_K1_K9hpqNR8vXydDGYdTXj6FnjD4nGrpD6kbF7v6HWHT92MbTpJizgNibuaufEp7SjdxsJNBNtXW2YKax1yahiE2UteiC6nt5"
  ],
  "context_free_data": [],
  "context_free_actions": [],
  "actions": [
    {
      "account": "eosio.token",
      "name": "transfer",
      "authorization": [
        {
          "actor": "user",
          "permission": "active"
        }
      ],
      "data": "00000000007015d6000000005c95b1ca102700000000000004454f530000000000"
    }
  ],
  "transaction_extensions": [],
  "expiration": "2018-07-20T15:16:22",
  "ref_block_num": 4499,
  "ref_block_prefix": 3058956501,
  "max_net_usage_words": 0,
  "max_cpu_usage_ms": 0,
  "delay_sec": 0
}
2018-07-21 01:08:32 [Test worker] DEBUG:: 
Signed Transaction:
{
  "signatures": [
    "SIG_K1_K9hpqNR8vXydDGYdTXj6FnjD4nGrpD6kbF7v6HWHT92MbTpJizgNibuaufEp7SjdxsJNBNtXW2YKax1yahiE2UteiC6nt5"
  ],
  "context_free_data": [],
  "context_free_actions": [],
  "actions": [
    {
      "account": "eosio.token",
      "name": "transfer",
      "authorization": [
        {
          "actor": "user",
          "permission": "active"
        }
      ],
      "data": "00000000007015d6000000005c95b1ca102700000000000004454f530000000000"
    }
  ],
  "transaction_extensions": [],
  "expiration": "2018-07-20T15:16:22",
  "ref_block_num": 4499,
  "ref_block_prefix": 3058956501,
  "max_net_usage_words": 0,
  "max_cpu_usage_ms": 0,
  "delay_sec": 0
}
2018-07-21 01:09:32 [Test worker] DEBUG:: 
Signed Transaction:
{
  "signatures": [
    "SIG_K1_K9hpqNR8vXydDGYdTXj6FnjD4nGrpD6kbF7v6HWHT92MbTpJizgNibuaufEp7SjdxsJNBNtXW2YKax1yahiE2UteiC6nt5"
  ],
  "context_free_data": [],
  "context_free_actions": [],
  "actions": [
    {
      "account": "eosio.token",
      "name": "transfer",
      "authorization": [
        {
          "actor": "user",
          "permission": "active"
        }
      ],
      "data": "00000000007015d6000000005c95b1ca102700000000000004454f530000000000"
    }
  ],
  "transaction_extensions": [],
  "expiration": "2018-07-20T15:16:22",
  "ref_block_num": 4499,
  "ref_block_prefix": 3058956501,
  "max_net_usage_words": 0,
  "max_cpu_usage_ms": 0,
  "delay_sec": 0
}
2018-07-22 10:50:46 [Test worker] DEBUG:: 
server version: 90fefdd1
head block num: 388099
head block id: 0005ec030aac9ac880ec991cb05bf35d106e81622f61e1946f8e381dc7ae539e
last irreversible block: 388098
head block time: 2018-07-22T01:50:46.500
head block producer: eosio
2018-07-22 10:50:46 [Test worker] DEBUG:: 00000000007015d6000000005c95b1ca1027000000000000045359530000000003776f77
2018-07-22 10:50:46 [Test worker] DEBUG:: Pub key: EOS8ePyQrK7XZKUKSbhKuGVCLc4XfFp4N3sf3uCZSsEDTzZXLfNVj
2018-07-22 10:51:23 [Test worker] DEBUG:: 
Signed Transaction:
{
  "signatures": [
    "SIG_K1_K9hpqNR8vXydDGYdTXj6FnjD4nGrpD6kbF7v6HWHT92MbTpJizgNibuaufEp7SjdxsJNBNtXW2YKax1yahiE2UteiC6nt5"
  ],
  "context_free_data": [],
  "context_free_actions": [],
  "actions": [
    {
      "account": "eosio.token",
      "name": "transfer",
      "authorization": [
        {
          "actor": "user",
          "permission": "active"
        }
      ],
      "data": "00000000007015d6000000005c95b1ca102700000000000004454f530000000000"
    }
  ],
  "transaction_extensions": [],
  "expiration": "2018-07-20T15:16:22",
  "ref_block_num": 4499,
  "ref_block_prefix": 3058956501,
  "max_net_usage_words": 0,
  "max_cpu_usage_ms": 0,
  "delay_sec": 0
}
2018-07-22 10:51:23 [Test worker] DEBUG:: 
server version: 90fefdd1
head block num: 388173
head block id: 0005ec4d08324c47670d22a9f216db4eb318e50e28a15a32a87f0a663244db2b
last irreversible block: 388172
head block time: 2018-07-22T01:51:23.500
head block producer: eosio
2018-07-22 10:51:23 [Test worker] DEBUG:: 00000000007015d6000000005c95b1ca1027000000000000045359530000000003776f77
2018-07-22 10:51:23 [Test worker] DEBUG:: Pub key: EOS8ePyQrK7XZKUKSbhKuGVCLc4XfFp4N3sf3uCZSsEDTzZXLfNVj
2018-07-22 10:53:37 [Test worker] DEBUG:: 
Signed Transaction:
{
  "signatures": [
    "SIG_K1_K9hpqNR8vXydDGYdTXj6FnjD4nGrpD6kbF7v6HWHT92MbTpJizgNibuaufEp7SjdxsJNBNtXW2YKax1yahiE2UteiC6nt5"
  ],
  "context_free_data": [],
  "context_free_actions": [],
  "actions": [
    {
      "account": "eosio.token",
      "name": "transfer",
      "authorization": [
        {
          "actor": "user",
          "permission": "active"
        }
      ],
      "data": "00000000007015d6000000005c95b1ca102700000000000004454f530000000000"
    }
  ],
  "transaction_extensions": [],
  "expiration": "2018-07-20T15:16:22",
  "ref_block_num": 4499,
  "ref_block_prefix": 3058956501,
  "max_net_usage_words": 0,
  "max_cpu_usage_ms": 0,
  "delay_sec": 0
}
2018-07-22 10:53:37 [Test worker] DEBUG:: 
server version: 90fefdd1
head block num: 388441
head block id: 0005ed596372116a4221321158a0480d1928ec39fd89ec2de61b6757f0706dc3
last irreversible block: 388440
head block time: 2018-07-22T01:53:37.500
head block producer: eosio
2018-07-22 10:53:37 [Test worker] DEBUG:: 00000000007015d6000000005c95b1ca1027000000000000045359530000000003776f77
2018-07-22 10:53:37 [Test worker] DEBUG:: Pub key: EOS8ePyQrK7XZKUKSbhKuGVCLc4XfFp4N3sf3uCZSsEDTzZXLfNVj
2018-07-22 10:53:37 [Test worker] DEBUG:: 
Signed Transaction:
{
  "signatures": [
    "SIG_K1_KZ6NLVCiL3FcEK9H4qszV1JNZr9taRHHJ1iiyVr319qbXgdBhHoEABLEcqevrBPMKV6Pz7PUbgNd9uvcsR4Pr7xVjN2ZEJ"
  ],
  "context_free_data": [],
  "context_free_actions": [],
  "actions": [
    {
      "account": "eosio.token",
      "name": "transfer",
      "authorization": [
        {
          "actor": "user",
          "permission": "active"
        }
      ],
      "data": "00000000007015d6000000005c95b1ca1027000000000000045359530000000003776f77"
    }
  ],
  "transaction_extensions": [],
  "expiration": "2018-07-22T01:58:37",
  "ref_block_num": 60761,
  "ref_block_prefix": 288497986,
  "max_net_usage_words": 0,
  "max_cpu_usage_ms": 0,
  "delay_sec": 0
}
2018-07-22 10:53:37 [Test worker] DEBUG:: 
Packed Transaction:
{
  "signatures": [
    "SIG_K1_KZ6NLVCiL3FcEK9H4qszV1JNZr9taRHHJ1iiyVr319qbXgdBhHoEABLEcqevrBPMKV6Pz7PUbgNd9uvcsR4Pr7xVjN2ZEJ"
  ],
  "compression": "none",
  "packed_context_free_data": "",
  "packed_trx": "cde4535b59ed42213211000000000100a6823403ea3055000000572d3ccdcd0100000000007015d600000000a8ed32322400000000007015d6000000005c95b1ca1027000000000000045359530000000003776f7700"
}
2018-07-22 10:53:48 [Test worker] DEBUG:: 
server version: 90fefdd1
head block num: 388463
head block id: 0005ed6fb2f40b5b0ca9d98070428c7556d09aa0bae6dcde999d4f67b7aa7479
last irreversible block: 388462
head block time: 2018-07-22T01:53:48.500
head block producer: eosio
2018-07-22 10:53:49 [Test worker] DEBUG:: 00000000007015d6000000005c95b1ca1027000000000000045359530000000003776f77
2018-07-22 10:53:49 [Test worker] DEBUG:: Pub key: EOS8ePyQrK7XZKUKSbhKuGVCLc4XfFp4N3sf3uCZSsEDTzZXLfNVj
2018-07-22 10:53:49 [Test worker] DEBUG:: 
Signed Transaction:
{
  "signatures": [
    "SIG_K1_KdWrs6bXHtEDKVMWeFeNzcF3s89bbuSzesT5AEYywza1GoU5dgdzsr1JRz5R3LFKPg9DBQfD1H5fgURRMriZgsQLYUBx54"
  ],
  "context_free_data": [],
  "context_free_actions": [],
  "actions": [
    {
      "account": "eosio.token",
      "name": "transfer",
      "authorization": [
        {
          "actor": "user",
          "permission": "active"
        }
      ],
      "data": "00000000007015d6000000005c95b1ca1027000000000000045359530000000003776f77"
    }
  ],
  "transaction_extensions": [],
  "expiration": "2018-07-22T01:58:48",
  "ref_block_num": 60783,
  "ref_block_prefix": 2161748236,
  "max_net_usage_words": 0,
  "max_cpu_usage_ms": 0,
  "delay_sec": 0
}
2018-07-22 10:53:49 [Test worker] DEBUG:: 
Packed Transaction:
{
  "signatures": [
    "SIG_K1_KdWrs6bXHtEDKVMWeFeNzcF3s89bbuSzesT5AEYywza1GoU5dgdzsr1JRz5R3LFKPg9DBQfD1H5fgURRMriZgsQLYUBx54"
  ],
  "compression": "none",
  "packed_context_free_data": "",
  "packed_trx": "d8e4535b6fed0ca9d980000000000100a6823403ea3055000000572d3ccdcd0100000000007015d600000000a8ed32322400000000007015d6000000005c95b1ca1027000000000000045359530000000003776f7700"
}
2018-07-22 10:54:03 [Test worker] DEBUG:: 
server version: 90fefdd1
head block num: 388492
head block id: 0005ed8c87349c4c27992173048f976096a34a988cd8a7dde48b1dcf64206bcb
last irreversible block: 388491
head block time: 2018-07-22T01:54:03.000
head block producer: eosio
2018-07-22 10:54:03 [Test worker] DEBUG:: 00000000007015d6000000005c95b1ca1027000000000000045359530000000003776f77
2018-07-22 10:54:03 [Test worker] DEBUG:: Pub key: EOS8ePyQrK7XZKUKSbhKuGVCLc4XfFp4N3sf3uCZSsEDTzZXLfNVj
2018-07-22 10:54:03 [Test worker] DEBUG:: 
Signed Transaction:
{
  "signatures": [
    "SIG_K1_KfoeiGTLA5mPo7zudJrG2UUTaypS6YkfQKxCTVyZZEgsH4ABtxP84rUxw2nZX377XsZNfrkrSdJ2PsvbdenJhKAMT3PyBK"
  ],
  "context_free_data": [],
  "context_free_actions": [],
  "actions": [
    {
      "account": "eosio.token",
      "name": "transfer",
      "authorization": [
        {
          "actor": "user",
          "permission": "active"
        }
      ],
      "data": "00000000007015d6000000005c95b1ca1027000000000000045359530000000003776f77"
    }
  ],
  "transaction_extensions": [],
  "expiration": "2018-07-22T01:59:03",
  "ref_block_num": 60812,
  "ref_block_prefix": 1931581735,
  "max_net_usage_words": 0,
  "max_cpu_usage_ms": 0,
  "delay_sec": 0
}
2018-07-22 10:54:03 [Test worker] DEBUG:: 
Packed Transaction:
{
  "signatures": [
    "SIG_K1_KfoeiGTLA5mPo7zudJrG2UUTaypS6YkfQKxCTVyZZEgsH4ABtxP84rUxw2nZX377XsZNfrkrSdJ2PsvbdenJhKAMT3PyBK"
  ],
  "compression": "none",
  "packed_context_free_data": "",
  "packed_trx": "e7e4535b8ced27992173000000000100a6823403ea3055000000572d3ccdcd0100000000007015d600000000a8ed32322400000000007015d6000000005c95b1ca1027000000000000045359530000000003776f7700"
}
2018-07-22 10:59:53 [Test worker] DEBUG:: 
server version: 90fefdd1
head block num: 389193
head block id: 0005f049718c21cd565661b63f8c93b4be04f709b19f3bbda285936cd0cd8ec3
chain id: cf057bbfb72640471fd910bcb67639c22df9f92470936cddc1ade0e2f2e7dc4f
last irreversible block: 389192
head block time: 2018-07-22T01:59:53.500
head block producer: eosio
2018-07-22 10:59:53 [Test worker] DEBUG:: 00000000007015d6000000005c95b1ca1027000000000000045359530000000003776f77
2018-07-22 10:59:53 [Test worker] DEBUG:: Pub key: EOS8ePyQrK7XZKUKSbhKuGVCLc4XfFp4N3sf3uCZSsEDTzZXLfNVj
2018-07-22 10:59:53 [Test worker] DEBUG:: 
Signed Transaction:
{
  "signatures": [
    "SIG_K1_Ki2Bbr9e9w7gv3eVhuzWyubzq4EdJ75C16RYWfV7GoVq5w9vPEXfqpA6X4nnr6tA8e9Ma8AZLkL9zC1dn8GjxkD7kHqPuK"
  ],
  "context_free_data": [],
  "context_free_actions": [],
  "actions": [
    {
      "account": "eosio.token",
      "name": "transfer",
      "authorization": [
        {
          "actor": "user",
          "permission": "active"
        }
      ],
      "data": "00000000007015d6000000005c95b1ca1027000000000000045359530000000003776f77"
    }
  ],
  "transaction_extensions": [],
  "expiration": "2018-07-22T02:04:53",
  "ref_block_num": 61513,
  "ref_block_prefix": 3059832406,
  "max_net_usage_words": 0,
  "max_cpu_usage_ms": 0,
  "delay_sec": 0
}
2018-07-22 10:59:53 [Test worker] DEBUG:: 
Packed Transaction:
{
  "signatures": [
    "SIG_K1_Ki2Bbr9e9w7gv3eVhuzWyubzq4EdJ75C16RYWfV7GoVq5w9vPEXfqpA6X4nnr6tA8e9Ma8AZLkL9zC1dn8GjxkD7kHqPuK"
  ],
  "compression": "none",
  "packed_context_free_data": "",
  "packed_trx": "45e6535b49f0565661b6000000000100a6823403ea3055000000572d3ccdcd0100000000007015d600000000a8ed32322400000000007015d6000000005c95b1ca1027000000000000045359530000000003776f7700"
}
2018-07-22 11:00:27 [Test worker] DEBUG:: 
server version: 90fefdd1
head block num: 389261
head block id: 0005f08d5001d523081d8b0951640b333fa3b913ff2c8499aa57a36016ce06f1
chain id: cf057bbfb72640471fd910bcb67639c22df9f92470936cddc1ade0e2f2e7dc4f
last irreversible block: 389260
head block time: 2018-07-22T02:00:27.500
head block producer: eosio
2018-07-22 11:00:27 [Test worker] DEBUG:: 00000000007015d6000000005c95b1ca1027000000000000045359530000000003776f77
2018-07-22 11:00:27 [Test worker] DEBUG:: Pub key: EOS8ePyQrK7XZKUKSbhKuGVCLc4XfFp4N3sf3uCZSsEDTzZXLfNVj
2018-07-22 11:00:27 [Test worker] DEBUG:: 
Signed Transaction:
{
  "signatures": [
    "SIG_K1_KXv2DnvY9vCfrM1eM5LwxivVYoBLYvW2UvFcdw8FDhNYd9sFFsrg2FMoW2Yq4uazCLkTvYhfCmN25SjsQw8WbsWkhBXWA6"
  ],
  "context_free_data": [],
  "context_free_actions": [],
  "actions": [
    {
      "account": "eosio.token",
      "name": "transfer",
      "authorization": [
        {
          "actor": "user",
          "permission": "active"
        }
      ],
      "data": "00000000007015d6000000005c95b1ca1027000000000000045359530000000003776f77"
    }
  ],
  "transaction_extensions": [],
  "expiration": "2018-07-22T02:05:27",
  "ref_block_num": 61581,
  "ref_block_prefix": 160111880,
  "max_net_usage_words": 0,
  "max_cpu_usage_ms": 0,
  "delay_sec": 0
}
2018-07-22 11:00:27 [Test worker] DEBUG:: 
Packed Transaction:
{
  "signatures": [
    "SIG_K1_KXv2DnvY9vCfrM1eM5LwxivVYoBLYvW2UvFcdw8FDhNYd9sFFsrg2FMoW2Yq4uazCLkTvYhfCmN25SjsQw8WbsWkhBXWA6"
  ],
  "compression": "none",
  "packed_context_free_data": "",
  "packed_trx": "67e6535b8df0081d8b09000000000100a6823403ea3055000000572d3ccdcd0100000000007015d600000000a8ed32322400000000007015d6000000005c95b1ca1027000000000000045359530000000003776f7700"
}
2018-07-22 12:56:53 [Test worker] DEBUG:: 
server version: 90fefdd1
head block num: 403232
head block id: 00062720ab4b5b85c2180bcb9781acf7320beeea23a1b8c6f2466cdd56bd0837
chain id: cf057bbfb72640471fd910bcb67639c22df9f92470936cddc1ade0e2f2e7dc4f
last irreversible block: 403231
head block time: 2018-07-22T03:56:53.000
head block producer: eosio
2018-07-22 12:56:53 [Test worker] DEBUG:: 00000000007015d6000000005c95b1ca1027000000000000045359530000000003776f77
2018-07-22 12:56:53 [Test worker] DEBUG:: Pub key: EOS8ePyQrK7XZKUKSbhKuGVCLc4XfFp4N3sf3uCZSsEDTzZXLfNVj
2018-07-22 12:56:53 [Test worker] DEBUG:: 
Signed Transaction:
{
  "signatures": [
    "SIG_K1_JzaMG4S8nAp29SkohychVqg7ty1tohNS8UG6HcwzeTCWEKSqocLbtqecQxreY9vSykF41Q9VZ1mqrW7HYsuP4uMF5s6orc"
  ],
  "context_free_data": [],
  "context_free_actions": [],
  "actions": [
    {
      "account": "eosio.token",
      "name": "transfer",
      "authorization": [
        {
          "actor": "user",
          "permission": "active"
        }
      ],
      "data": "00000000007015d6000000005c95b1ca1027000000000000045359530000000003776f77"
    }
  ],
  "transaction_extensions": [],
  "expiration": "2018-07-22T04:01:53",
  "ref_block_num": 10016,
  "ref_block_prefix": 3406502082,
  "max_net_usage_words": 0,
  "max_cpu_usage_ms": 0,
  "delay_sec": 0
}
2018-07-22 12:56:53 [Test worker] DEBUG:: 
Packed Transaction:
{
  "signatures": [
    "SIG_K1_JzaMG4S8nAp29SkohychVqg7ty1tohNS8UG6HcwzeTCWEKSqocLbtqecQxreY9vSykF41Q9VZ1mqrW7HYsuP4uMF5s6orc"
  ],
  "compression": "none",
  "packed_context_free_data": "",
  "packed_trx": "b101545b2027c2180bcb000000000100a6823403ea3055000000572d3ccdcd0100000000007015d600000000a8ed32322400000000007015d6000000005c95b1ca1027000000000000045359530000000003776f7700"
}
2018-07-22 17:45:56 [Test worker] DEBUG:: 
server version: 90fefdd1
head block num: 437918
head block id: 0006ae9e5af80eeea66b5f438d18146ef23db42c01310299d806ada22f3eee4e
chain id: cf057bbfb72640471fd910bcb67639c22df9f92470936cddc1ade0e2f2e7dc4f
last irreversible block: 437917
head block time: 2018-07-22T08:45:56.000
head block producer: eosio
2018-07-22 17:45:56 [Test worker] DEBUG:: 00000000007015d6000000005c95b1ca1027000000000000045359530000000003776f77
2018-07-22 17:45:56 [Test worker] DEBUG:: Pub key: EOS8ePyQrK7XZKUKSbhKuGVCLc4XfFp4N3sf3uCZSsEDTzZXLfNVj
2018-07-22 17:45:56 [Test worker] DEBUG:: 
Signed Transaction:
{
  "signatures": [
    "SIG_K1_Jxv6KtSU6Vx7M2GpMBikWQdYH73NJjKwwgm6PGzcPVijrgk4TnWvt6EXLSW5jwkoFtr2sJA9jYPktjyUpbLCBCbK68vEjQ"
  ],
  "context_free_data": [],
  "context_free_actions": [],
  "actions": [
    {
      "account": "eosio.token",
      "name": "transfer",
      "authorization": [
        {
          "actor": "user",
          "permission": "active"
        }
      ],
      "data": "00000000007015d6000000005c95b1ca1027000000000000045359530000000003776f77"
    }
  ],
  "transaction_extensions": [],
  "expiration": "2018-07-22T08:50:56",
  "ref_block_num": 44702,
  "ref_block_prefix": 1130326950,
  "max_net_usage_words": 0,
  "max_cpu_usage_ms": 0,
  "delay_sec": 0
}
2018-07-22 17:45:56 [Test worker] DEBUG:: 
Packed Transaction:
{
  "signatures": [
    "SIG_K1_Jxv6KtSU6Vx7M2GpMBikWQdYH73NJjKwwgm6PGzcPVijrgk4TnWvt6EXLSW5jwkoFtr2sJA9jYPktjyUpbLCBCbK68vEjQ"
  ],
  "compression": "none",
  "packed_context_free_data": "",
  "packed_trx": "7045545b9eaea66b5f43000000000100a6823403ea3055000000572d3ccdcd0100000000007015d600000000a8ed32322400000000007015d6000000005c95b1ca1027000000000000045359530000000003776f7700"
}
2018-07-22 17:45:56 [Test worker] DEBUG:: 
Pushed Transaction:
{
  "transaction_id": "18d27abc89d9f1c7737da3b610dd5b1087f54585a03892104f2dc1a990706b10",
  "processed": {
    "id": "18d27abc89d9f1c7737da3b610dd5b1087f54585a03892104f2dc1a990706b10",
    "receipt": {
      "status": "executed",
      "cpu_usage_us": 1067,
      "net_usage_words": 16
    },
    "elapsed": 1067,
    "net_usage": 128,
    "scheduled": false,
    "action_traces": [
      {
        "receipt": {
          "receiver": "eosio.token",
          "act_digest": "7d1d734dc1e5d7ca79a88571701bd06b4ecb883c7fb5e238d93fe55dc154079d",
          "global_sequence": 437949,
          "recv_sequence": 10,
          "code_sequence": 1,
          "abi_sequence": 1
        },
        "act": {
          "account": "eosio.token",
          "name": "transfer",
          "authorization": [
            {
              "actor": "user",
              "permission": "active"
            }
          ],
          "data": {
            "from": "user",
            "to": "tester",
            "quantity": "1.0000 SYS",
            "memo": "wow"
          }
        },
        "elapsed": 912,
        "cpu_usage": 0,
        "console": "",
        "total_cpu_usage": 0,
        "trx_id": "18d27abc89d9f1c7737da3b610dd5b1087f54585a03892104f2dc1a990706b10",
        "inline_traces": [
          {
            "receipt": {
              "receiver": "user",
              "act_digest": "7d1d734dc1e5d7ca79a88571701bd06b4ecb883c7fb5e238d93fe55dc154079d",
              "global_sequence": 437950,
              "recv_sequence": 8,
              "code_sequence": 1,
              "abi_sequence": 1
            },
            "act": {
              "account": "eosio.token",
              "name": "transfer",
              "authorization": [
                {
                  "actor": "user",
                  "permission": "active"
                }
              ],
              "data": {
                "from": "user",
                "to": "tester",
                "quantity": "1.0000 SYS",
                "memo": "wow"
              }
            },
            "elapsed": 3,
            "cpu_usage": 0,
            "console": "",
            "total_cpu_usage": 0,
            "trx_id": "18d27abc89d9f1c7737da3b610dd5b1087f54585a03892104f2dc1a990706b10",
            "inline_traces": []
          },
          {
            "receipt": {
              "receiver": "tester",
              "act_digest": "7d1d734dc1e5d7ca79a88571701bd06b4ecb883c7fb5e238d93fe55dc154079d",
              "global_sequence": 437951,
              "recv_sequence": 7,
              "code_sequence": 1,
              "abi_sequence": 1
            },
            "act": {
              "account": "eosio.token",
              "name": "transfer",
              "authorization": [
                {
                  "actor": "user",
                  "permission": "active"
                }
              ],
              "data": {
                "from": "user",
                "to": "tester",
                "quantity": "1.0000 SYS",
                "memo": "wow"
              }
            },
            "elapsed": 3,
            "cpu_usage": 0,
            "console": "",
            "total_cpu_usage": 0,
            "trx_id": "18d27abc89d9f1c7737da3b610dd5b1087f54585a03892104f2dc1a990706b10",
            "inline_traces": []
          }
        ]
      }
    ]
  }
}
